<?xml version="1.0" encoding="UTF-8"?>
<!-- Generated by org.testng.reporters.JUnitXMLReporter -->
<testsuite ignored="0" hostname="software3-B460MDS3HV2" failures="0" tests="2" name="Default test" time="22.783" errors="0" timestamp="2023-10-19T11:57:10 IST">
  <testcase classname="io.cucumber.testng.AbstractTestNGCucumberTests" name="runScenario" time="11.014"/>
  <testcase classname="io.cucumber.testng.AbstractTestNGCucumberTests" name="runScenario" time="8.195"/>
</testsuite> <!-- Default test -->
