<?xml version="1.0" encoding="UTF-8"?>
<!-- Generated by org.testng.reporters.JUnitXMLReporter -->
<testsuite ignored="0" hostname="software3-B460MDS3HV2" failures="0" tests="2" name="Tests using chrome" time="20.383" errors="0" timestamp="2023-10-19T11:28:45 IST">
  <testcase classname="io.cucumber.testng.AbstractTestNGCucumberTests" name="runScenario" time="10.078"/>
  <testcase classname="io.cucumber.testng.AbstractTestNGCucumberTests" name="runScenario" time="7.607"/>
</testsuite> <!-- Tests using chrome -->
